<?xml version="1.0" encoding="UTF-8"?>
<testng-results ignored="0" total="1" passed="1" failed="0" skipped="0">
  <reporter-output>
  </reporter-output>
  <suite started-at="2022-03-10T16:47:37 IST" name="Default suite" finished-at="2022-03-10T16:48:29 IST" duration-ms="51158">
    <groups>
    </groups>
    <test started-at="2022-03-10T16:47:37 IST" name="Default test" finished-at="2022-03-10T16:48:29 IST" duration-ms="51158">
      <class name="com.jenkins.Jenkins">
        <test-method signature="prac()[pri:0, instance:com.jenkins.Jenkins@3e84448c]" started-at="2022-03-10T16:47:37 IST" name="prac" finished-at="2022-03-10T16:48:29 IST" duration-ms="51123" status="PASS">
          <reporter-output>
          </reporter-output>
        </test-method> <!-- prac -->
      </class> <!-- com.jenkins.Jenkins -->
    </test> <!-- Default test -->
  </suite> <!-- Default suite -->
</testng-results>
